#
# There is insufficient memory for the Java Runtime Environment to continue.
# Native memory allocation (malloc) failed to allocate 1048576 bytes for AllocateHeap
# Possible reasons:
#   The system is out of physical RAM or swap space
#   The process is running with CompressedOops enabled, and the Java Heap may be blocking the growth of the native heap
# Possible solutions:
#   Reduce memory load on the system
#   Increase physical memory or swap space
#   Check if swap backing store is full
#   Decrease Java heap size (-Xmx/-Xms)
#   Decrease number of Java threads
#   Decrease Java thread stack sizes (-Xss)
#   Set larger code cache with -XX:ReservedCodeCacheSize=
#   JVM is running with Unscaled Compressed Oops mode in which the Java heap is
#     placed in the first 4GB address space. The Java Heap base address is the
#     maximum limit for the native heap growth. Please use -XX:HeapBaseMinAddress
#     to set the Java Heap base and to place the Java Heap above 4GB virtual address.
# This output file may be truncated or incomplete.
#
#  Out of Memory Error (allocation.cpp:44), pid=30844, tid=21644
#
# JRE version:  (19.0.1+10) (build )
# Java VM: Java HotSpot(TM) 64-Bit Server VM (19.0.1+10-21, mixed mode, sharing, tiered, compressed oops, compressed class ptrs, g1 gc, windows-amd64)
# No core dump will be written. Minidumps are not enabled by default on client versions of Windows
#

---------------  S U M M A R Y ------------

Command Line: -XX:+ShowCodeDetailsInExceptionMessages bank.management.system.Deposit

Host: 11th Gen Intel(R) Core(TM) i5-11320H @ 3.20GHz, 8 cores, 15G,  Windows 11 , 64 bit Build 22621 (10.0.22621.2428)
Time: Sun Dec 17 13:31:05 2023 India Standard Time elapsed time: 0.015453 seconds (0d 0h 0m 0s)

---------------  T H R E A D  ---------------

Current thread (0x0000025f659c77f0):  JavaThread "Unknown thread" [_thread_in_vm, id=21644, stack(0x0000008627a00000,0x0000008627b00000)]

Stack: [0x0000008627a00000,0x0000008627b00000]
Native frames: (J=compiled Java code, j=interpreted, Vv=VM code, C=native code)
V  [jvm.dll+0x6ee8fa]
V  [jvm.dll+0x857a1e]
V  [jvm.dll+0x85940e]
V  [jvm.dll+0x859ac3]
V  [jvm.dll+0x28291f]
V  [jvm.dll+0xc40eb]
V  [jvm.dll+0x32a2d9]
V  [jvm.dll+0x821aeb]
V  [jvm.dll+0x3c27c1]
V  [jvm.dll+0x8022f1]
V  [jvm.dll+0x44b30f]
V  [jvm.dll+0x44cc91]
C  [jli.dll+0x5287]
C  [ucrtbase.dll+0x29363]
C  [KERNEL32.DLL+0x1257d]
C  [ntdll.dll+0x5aa78]


---------------  P R O C E S S  ---------------

Threads class SMR info:
_java_thread_list=0x00007ff92828d048, length=0, elements={
}

Java Threads: ( => current thread )

Other Threads:

=>0x0000025f659c77f0 (exited) JavaThread "Unknown thread" [_thread_in_vm, id=21644, stack(0x0000008627a00000,0x0000008627b00000)]

Threads with active compile tasks:

VM state: not at safepoint (not fully initialized)

VM Mutex/Monitor currently owned by a thread: None

Heap address: 0x0000000000000000, size: 0 MB, Compressed Oops mode: 32-bit

CDS archive(s) mapped at: [0x0000000000000000-0x0000000000000000-0x0000000000000000), size 0, SharedBaseAddress: 0x0000000800000000, ArchiveRelocationMode: 0.
Narrow klass base: 0x0000000000000000, Narrow klass shift: 0, Narrow klass range: 0x0

GC Precious Log:
 CardTable entry size: 512
 Card Set container configuration: InlinePtr #cards 4 size 8 Array Of Cards #cards 16 size 48 Howl #buckets 8 coarsen threshold 3686 Howl Bitmap #cards 512 size 80 coarsen threshold 460 Card regions per heap region 1 cards per card region 4096

GC Heap History (0 events):
No events

Dll operation events (1 events):
Event: 0.009 Loaded shared library C:\Program Files\Java\jdk-19\bin\java.dll

Deoptimization events (0 events):
No events

Classes loaded (0 events):
No events

Classes unloaded (0 events):
No events

Classes redefined (0 events):
No events

Internal exceptions (0 events):
No events

VM Operations (0 events):
No events

Events (0 events):
No events


Dynamic libraries:
0x00007ff65c600000 - 0x00007ff65c610000 	C:\Program Files\Java\jdk-19\bin\java.exe
0x00007ff9ba070000 - 0x00007ff9ba287000 	C:\WINDOWS\SYSTEM32\ntdll.dll
0x00007ff9b80a0000 - 0x00007ff9b8164000 	C:\WINDOWS\System32\KERNEL32.DLL
0x00007ff9b7630000 - 0x00007ff9b79d6000 	C:\WINDOWS\System32\KERNELBASE.dll
0x00007ff9b7510000 - 0x00007ff9b7621000 	C:\WINDOWS\System32\ucrtbase.dll
0x00007ff969690000 - 0x00007ff9696a8000 	C:\Program Files\Java\jdk-19\bin\jli.dll
0x00007ff9b8b10000 - 0x00007ff9b8bc0000 	C:\WINDOWS\System32\ADVAPI32.dll
0x00007ff9b8170000 - 0x00007ff9b8217000 	C:\WINDOWS\System32\msvcrt.dll
0x00007ff9b7ff0000 - 0x00007ff9b8096000 	C:\WINDOWS\System32\sechost.dll
0x00007ff9b8e90000 - 0x00007ff9b8fa7000 	C:\WINDOWS\System32\RPCRT4.dll
0x00007ff9b7e40000 - 0x00007ff9b7fed000 	C:\WINDOWS\System32\USER32.dll
0x00007ff9719f0000 - 0x00007ff971a0b000 	C:\Program Files\Java\jdk-19\bin\VCRUNTIME140.dll
0x00007ff9b7da0000 - 0x00007ff9b7dc6000 	C:\WINDOWS\System32\win32u.dll
0x00007ff9b8da0000 - 0x00007ff9b8dc9000 	C:\WINDOWS\System32\GDI32.dll
0x00007ff9b73f0000 - 0x00007ff9b7508000 	C:\WINDOWS\System32\gdi32full.dll
0x00007ff9b79e0000 - 0x00007ff9b7a7a000 	C:\WINDOWS\System32\msvcp_win.dll
0x00007ff9a0f20000 - 0x00007ff9a11b3000 	C:\WINDOWS\WinSxS\amd64_microsoft.windows.common-controls_6595b64144ccf1df_6.0.22621.2361_none_2712ced57382f843\COMCTL32.dll
0x00007ff9ad800000 - 0x00007ff9ad80a000 	C:\WINDOWS\SYSTEM32\VERSION.dll
0x00007ff9b9ff0000 - 0x00007ff9ba021000 	C:\WINDOWS\System32\IMM32.DLL
0x00007ff99b8a0000 - 0x00007ff99b8ac000 	C:\Program Files\Java\jdk-19\bin\vcruntime140_1.dll
0x00007ff964010000 - 0x00007ff96409e000 	C:\Program Files\Java\jdk-19\bin\msvcp140.dll
0x00007ff927710000 - 0x00007ff9283d0000 	C:\Program Files\Java\jdk-19\bin\server\jvm.dll
0x00007ff9af8d0000 - 0x00007ff9af904000 	C:\WINDOWS\SYSTEM32\WINMM.dll
0x00007ff9a9440000 - 0x00007ff9a9449000 	C:\WINDOWS\SYSTEM32\WSOCK32.dll
0x00007ff9b8fb0000 - 0x00007ff9b9021000 	C:\WINDOWS\System32\WS2_32.dll
0x00007ff9b6430000 - 0x00007ff9b6448000 	C:\WINDOWS\SYSTEM32\kernel.appcore.dll
0x00007ff99b7a0000 - 0x00007ff99b7aa000 	C:\Program Files\Java\jdk-19\bin\jimage.dll
0x00007ff9b4c90000 - 0x00007ff9b4ebe000 	C:\WINDOWS\SYSTEM32\DBGHELP.DLL
0x00007ff9b9090000 - 0x00007ff9b941a000 	C:\WINDOWS\System32\combase.dll
0x00007ff9b8cc0000 - 0x00007ff9b8d97000 	C:\WINDOWS\System32\OLEAUT32.dll
0x00007ff9af850000 - 0x00007ff9af882000 	C:\WINDOWS\SYSTEM32\dbgcore.DLL
0x00007ff9b7d20000 - 0x00007ff9b7d9a000 	C:\WINDOWS\System32\bcryptPrimitives.dll
0x00007ff9695c0000 - 0x00007ff9695e6000 	C:\Program Files\Java\jdk-19\bin\java.dll

dbghelp: loaded successfully - version: 4.0.5 - missing functions: none
symbol engine: initialized successfully - sym options: 0x614 - pdb path: .;C:\Program Files\Java\jdk-19\bin;C:\WINDOWS\SYSTEM32;C:\WINDOWS\WinSxS\amd64_microsoft.windows.common-controls_6595b64144ccf1df_6.0.22621.2361_none_2712ced57382f843;C:\Program Files\Java\jdk-19\bin\server

VM Arguments:
jvm_args: -XX:+ShowCodeDetailsInExceptionMessages 
java_command: bank.management.system.Deposit
java_class_path (initial): D:\Bank Management System;C:\Users\sagar\Downloads\jcalendar-tz-1.3.3-4.jar;D:\mysql-connector-j-8.2.0\mysql-connector-j-8.2.0.jar
Launcher Type: SUN_STANDARD

[Global flags]
     intx CICompilerCount                          = 4                                         {product} {ergonomic}
     uint ConcGCThreads                            = 2                                         {product} {ergonomic}
     uint G1ConcRefinementThreads                  = 8                                         {product} {ergonomic}
   size_t G1HeapRegionSize                         = 2097152                                   {product} {ergonomic}
    uintx GCDrainStackTargetSize                   = 64                                        {product} {ergonomic}
   size_t InitialHeapSize                          = 264241152                                 {product} {ergonomic}
   size_t MarkStackSize                            = 4194304                                   {product} {ergonomic}
   size_t MaxHeapSize                              = 4227858432                                {product} {ergonomic}
   size_t MinHeapDeltaBytes                        = 2097152                                   {product} {ergonomic}
   size_t MinHeapSize                              = 8388608                                   {product} {ergonomic}
    uintx NonNMethodCodeHeapSize                   = 5839372                                {pd product} {ergonomic}
    uintx NonProfiledCodeHeapSize                  = 122909434                              {pd product} {ergonomic}
    uintx ProfiledCodeHeapSize                     = 122909434                              {pd product} {ergonomic}
    uintx ReservedCodeCacheSize                    = 251658240                              {pd product} {ergonomic}
     bool SegmentedCodeCache                       = true                                      {product} {ergonomic}
     bool ShowCodeDetailsInExceptionMessages       = true                                   {manageable} {command line}
   size_t SoftMaxHeapSize                          = 4227858432                             {manageable} {ergonomic}
     bool UseCompressedClassPointers               = true                           {product lp64_product} {ergonomic}
     bool UseCompressedOops                        = true                           {product lp64_product} {ergonomic}
     bool UseG1GC                                  = true                                      {product} {ergonomic}
     bool UseLargePagesIndividualAllocation        = false                                  {pd product} {ergonomic}

Logging:
Log output configuration:
 #0: stdout all=warning uptime,level,tags foldmultilines=false
 #1: stderr all=off uptime,level,tags foldmultilines=false

Environment Variables:
JAVA_HOME=C:\Program Files\Java\jdk-19
CLASSPATH=C:\Program Files\Java\jdk-19\mysql-connector-j-8.2.0.jar;.;
PATH=C:\Program Files (x86)\VMware\VMware Workstation\bin\;C:\Program Files\Common Files\Oracle\Java\javapath;C:\Program Files\Python310\Scripts\;C:\Program Files\Python310\;C:\WINDOWS\system32;C:\WINDOWS;C:\WINDOWS\System32\Wbem;C:\WINDOWS\System32\WindowsPowerShell\v1.0\;C:\WINDOWS\System32\OpenSSH\;C:\Program Files\dotnet\;C:\Program Files\Java\jdk-19\bin;C:\Program Files\Git\cmd;D:\XMAPP\php;C:\Program Files\nodejs\;C:\Program Files\MySQL\MySQL Server 8.0\bin;C:\MinGW\bin;C:\Users\sagar\Downloads\apache-maven-3.9.5\bin;C:\Program Files\Java\jdk-19\bin;C:\Program Files\MongoDB\mongosh-2.1.0-win32-x64\bin;C:\Program Files\MySQL\MySQL Shell 8.0\bin\;C:\Users\sagar\AppData\Local\Microsoft\WindowsApps;C:\Program Files\JetBrains\PyCharm Community Edition 2022.1.1\bin;C:\Program Files\JetBrains\IntelliJ IDEA Community Edition 2022.2.1\bin;D:\C++\bin;C:\Users\sagar\AppData\Local\Programs\Microsoft VS Code\bin;C:\Users\sagar\AppData\Roaming\npm;C:\Program Files (x86)\Brackets\
USERNAME=sagar
LANG=en_US.UTF-8
OS=Windows_NT
PROCESSOR_IDENTIFIER=Intel64 Family 6 Model 140 Stepping 2, GenuineIntel
TMP=C:\Users\sagar\AppData\Local\Temp
TEMP=C:\Users\sagar\AppData\Local\Temp



---------------  S Y S T E M  ---------------

OS:
 Windows 11 , 64 bit Build 22621 (10.0.22621.2428)
OS uptime: 10 days 4:57 hours

CPU: total 8 (initial active 8) (4 cores per cpu, 2 threads per core) family 6 model 140 stepping 2 microcode 0x16, cx8, cmov, fxsr, ht, mmx, 3dnowpref, sse, sse2, sse3, ssse3, sse4.1, sse4.2, popcnt, lzcnt, tsc, tscinvbit, avx, avx2, aes, erms, clmul, bmi1, bmi2, adx, avx512f, avx512dq, avx512cd, avx512bw, avx512vl, sha, fma, vzeroupper, avx512_vpopcntdq, avx512_vpclmulqdq, avx512_vaes, avx512_vnni, clflush, clflushopt, clwb, avx512_vbmi2, avx512_vbmi, rdtscp, rdpid, fsrm, gfni, avx512_bitalg

Memory: 4k page, system-wide physical 16122M (3903M free)
TotalPageFile size 23290M (AvailPageFile size 5M)
current process WorkingSet (physical memory assigned to process): 10M, peak: 10M
current process commit charge ("private bytes"): 12M, peak: 13M

vm_info: Java HotSpot(TM) 64-Bit Server VM (19.0.1+10-21) for windows-amd64 JRE (19.0.1+10-21), built on 2022-09-14T12:45:06Z by "mach5one" with MS VC++ 17.1 (VS2022)

END.
